{"C:\\Users\\panut\\Desktop\\Script\\src\\utils.js": {"path":"C:\\Users\\panut\\Desktop\\Script\\src\\utils.js","statementMap":{"0":{"start":{"line":1,"column":12},"end":{"line":1,"column":26}},"1":{"start":{"line":4,"column":16},"end":{"line":4,"column":18}},"2":{"start":{"line":5,"column":10},"end":{"line":5,"column":11}},"3":{"start":{"line":6,"column":2},"end":{"line":17,"column":3}},"4":{"start":{"line":7,"column":4},"end":{"line":14,"column":5}},"5":{"start":{"line":8,"column":20},"end":{"line":8,"column":59}},"6":{"start":{"line":9,"column":6},"end":{"line":13,"column":7}},"7":{"start":{"line":10,"column":8},"end":{"line":10,"column":42}},"8":{"start":{"line":11,"column":8},"end":{"line":11,"column":33}},"9":{"start":{"line":12,"column":8},"end":{"line":12,"column":17}},"10":{"start":{"line":15,"column":4},"end":{"line":15,"column":34}},"11":{"start":{"line":16,"column":4},"end":{"line":16,"column":8}},"12":{"start":{"line":18,"column":2},"end":{"line":18,"column":28}},"13":{"start":{"line":22,"column":16},"end":{"line":24,"column":3}},"14":{"start":{"line":25,"column":2},"end":{"line":25,"column":70}},"15":{"start":{"line":25,"column":14},"end":{"line":25,"column":70}},"16":{"start":{"line":26,"column":2},"end":{"line":26,"column":48}},"17":{"start":{"line":30,"column":20},"end":{"line":30,"column":47}},"18":{"start":{"line":31,"column":22},"end":{"line":31,"column":53}},"19":{"start":{"line":32,"column":20},"end":{"line":32,"column":47}},"20":{"start":{"line":33,"column":2},"end":{"line":33,"column":65}},"21":{"start":{"line":36,"column":0},"end":{"line":36,"column":73}}},"fnMap":{"0":{"name":"decodeJsOctalString","decl":{"start":{"line":3,"column":9},"end":{"line":3,"column":28}},"loc":{"start":{"line":3,"column":34},"end":{"line":19,"column":1}},"line":3},"1":{"name":"parseSalt","decl":{"start":{"line":21,"column":9},"end":{"line":21,"column":18}},"loc":{"start":{"line":21,"column":25},"end":{"line":27,"column":1}},"line":21},"2":{"name":"computePasswordHash","decl":{"start":{"line":29,"column":9},"end":{"line":29,"column":28}},"loc":{"start":{"line":29,"column":55},"end":{"line":34,"column":1}},"line":29}},"branchMap":{"0":{"loc":{"start":{"line":7,"column":4},"end":{"line":14,"column":5}},"type":"if","locations":[{"start":{"line":7,"column":4},"end":{"line":14,"column":5}},{"start":{},"end":{}}],"line":7},"1":{"loc":{"start":{"line":7,"column":8},"end":{"line":7,"column":45}},"type":"binary-expr","locations":[{"start":{"line":7,"column":8},"end":{"line":7,"column":23}},{"start":{"line":7,"column":27},"end":{"line":7,"column":45}}],"line":7},"2":{"loc":{"start":{"line":9,"column":6},"end":{"line":13,"column":7}},"type":"if","locations":[{"start":{"line":9,"column":6},"end":{"line":13,"column":7}},{"start":{},"end":{}}],"line":9},"3":{"loc":{"start":{"line":25,"column":2},"end":{"line":25,"column":70}},"type":"if","locations":[{"start":{"line":25,"column":2},"end":{"line":25,"column":70}},{"start":{},"end":{}}],"line":25}},"s":{"0":1,"1":6,"2":6,"3":6,"4":11,"5":6,"6":6,"7":6,"8":6,"9":6,"10":5,"11":5,"12":6,"13":2,"14":2,"15":1,"16":1,"17":1,"18":1,"19":1,"20":1,"21":1},"f":{"0":6,"1":2,"2":1},"b":{"0":[6,5],"1":[11,6],"2":[6,0],"3":[1,1]},"_coverageSchema":"1a1c01bbd47fc00a2c39e90264f33305004495a9","hash":"dbdee749185128c8d0a1f3cb6d7434b436d41704"}
}
